d:\programacao\my projects\frogger\frogger\debug\vc141.pdb
d:\programacao\my projects\frogger\frogger\debug\vc141.idb
d:\programacao\my projects\frogger\frogger\debug\capp_oncleanup.obj
d:\programacao\my projects\frogger\frogger\debug\capp_onevent.obj
d:\programacao\my projects\frogger\frogger\debug\capp_oninit.obj
d:\programacao\my projects\frogger\frogger\debug\capp_onrender.obj
d:\programacao\my projects\frogger\frogger\debug\cenemy.obj
d:\programacao\my projects\frogger\frogger\debug\cgameobject.obj
d:\programacao\my projects\frogger\frogger\debug\cmap.obj
d:\programacao\my projects\frogger\frogger\debug\cplatform.obj
d:\programacao\my projects\frogger\frogger\debug\cplayer.obj
d:\programacao\my projects\frogger\frogger\debug\capp.obj
d:\programacao\my projects\frogger\frogger\debug\cspritesheet.obj
d:\programacao\my projects\frogger\frogger\debug\capp_onloop.obj
d:\programacao\my projects\frogger\frogger\debug\frogger.lib
d:\programacao\my projects\frogger\frogger\debug\frogger.exp
d:\programacao\my projects\frogger\frogger\debug\frogger.ilk
d:\programacao\my projects\frogger\frogger\debug\frogger.exe
d:\programacao\my projects\frogger\frogger\debug\frogger.pdb
d:\programacao\my projects\frogger\frogger\debug\frogger.tlog\cl.command.1.tlog
d:\programacao\my projects\frogger\frogger\debug\frogger.tlog\cl.read.1.tlog
d:\programacao\my projects\frogger\frogger\debug\frogger.tlog\cl.write.1.tlog
d:\programacao\my projects\frogger\frogger\debug\frogger.tlog\frogger.write.1u.tlog
d:\programacao\my projects\frogger\frogger\debug\frogger.tlog\link.command.1.tlog
d:\programacao\my projects\frogger\frogger\debug\frogger.tlog\link.read.1.tlog
d:\programacao\my projects\frogger\frogger\debug\frogger.tlog\link.write.1.tlog
